<?xml version="1.0" encoding="UTF-8"?>
<!-- Generated by org.testng.reporters.JUnitReportReporter -->
<testsuite hostname="LAPTOP-GUL6HTSG" failures="0" tests="12" name="westflorida.TestClass" time="101.249" errors="0" timestamp="2025-01-26T16:05:25 IST" skipped="0">
  <testcase classname="westflorida.TestClass" name="NavigationHome" time="1.151"/>
  <system-out/>
  <testcase classname="westflorida.TestClass" name="privacy" time="2.199"/>
  <system-out/>
  <testcase classname="westflorida.TestClass" name="about" time="7.674"/>
  <system-out/>
  <testcase classname="westflorida.TestClass" name="programs" time="15.395"/>
  <system-out/>
  <testcase classname="westflorida.TestClass" name="services" time="2.878"/>
  <system-out/>
  <testcase classname="westflorida.TestClass" name="cpr" time="8.302"/>
  <system-out/>
  <testcase classname="westflorida.TestClass" name="ContactUs" time="6.304"/>
  <system-out/>
  <testcase classname="westflorida.TestClass" name="News" time="1.163"/>
  <system-out/>
  <testcase classname="westflorida.TestClass" name="search" time="2.405"/>
  <system-out/>
  <testcase classname="westflorida.TestClass" name="MyAccount" time="11.428"/>
  <system-out/>
  <testcase classname="westflorida.TestClass" name="Resetpassword" time="33.726"/>
  <system-out/>
  <testcase classname="westflorida.TestClass" name="facebookicon" time="8.624"/>
  <system-out/>
</testsuite> <!-- westflorida.TestClass -->
